<?xml version="1.0" encoding="UTF-8"?>
<!-- Generated by org.testng.reporters.JUnitReportReporter -->
<testsuite hostname="ITT-PRATIK-B" failures="0" tests="2" name="TestScenarios.TC_Clietnt_Reports" time="0.453" errors="1" timestamp="2023-10-12T12:43:29 IST" skipped="1">
  <testcase classname="TestScenarios.TC_Clietnt_Reports" name="beforetest" time="0.453">
    <error message="&#039;java.io.OutputStream org.openqa.selenium.chrome.ChromeDriverService$Builder.getLogOutput(java.lang.String)&#039;" type="java.lang.NoSuchMethodError">
      <![CDATA[java.lang.NoSuchMethodError: 'java.io.OutputStream org.openqa.selenium.chrome.ChromeDriverService$Builder.getLogOutput(java.lang.String)'
at org.openqa.selenium.chrome.ChromeDriverService$Builder.createDriverService(ChromeDriverService.java:356)
at org.openqa.selenium.chrome.ChromeDriverService$Builder.createDriverService(ChromeDriverService.java:160)
at org.openqa.selenium.remote.service.DriverService$Builder.build(DriverService.java:498)
at org.openqa.selenium.chrome.ChromeDriverService.createDefaultService(ChromeDriverService.java:156)
at org.openqa.selenium.chrome.ChromeDriver.<init>(ChromeDriver.java:51)
at TestScenarios.TC_Clietnt_Reports.beforetest(TC_Clietnt_Reports.java:28)
at java.base/jdk.internal.reflect.NativeMethodAccessorImpl.invoke0(Native Method)
at java.base/jdk.internal.reflect.NativeMethodAccessorImpl.invoke(NativeMethodAccessorImpl.java:77)
at java.base/jdk.internal.reflect.DelegatingMethodAccessorImpl.invoke(DelegatingMethodAccessorImpl.java:43)
at java.base/java.lang.reflect.Method.invoke(Method.java:568)
at org.testng.internal.invokers.MethodInvocationHelper.invokeMethod(MethodInvocationHelper.java:139)
at org.testng.internal.invokers.MethodInvocationHelper.invokeMethodConsideringTimeout(MethodInvocationHelper.java:69)
at org.testng.internal.invokers.ConfigInvoker.invokeConfigurationMethod(ConfigInvoker.java:390)
at org.testng.internal.invokers.ConfigInvoker.invokeConfigurations(ConfigInvoker.java:325)
at org.testng.TestRunner.invokeTestConfigurations(TestRunner.java:663)
at org.testng.TestRunner.beforeRun(TestRunner.java:652)
at org.testng.TestRunner.run(TestRunner.java:614)
at org.testng.SuiteRunner.runTest(SuiteRunner.java:443)
at org.testng.SuiteRunner.runSequentially(SuiteRunner.java:437)
at org.testng.SuiteRunner.privateRun(SuiteRunner.java:397)
at org.testng.SuiteRunner.run(SuiteRunner.java:336)
at org.testng.SuiteRunnerWorker.runSuite(SuiteRunnerWorker.java:52)
at org.testng.SuiteRunnerWorker.run(SuiteRunnerWorker.java:95)
at org.testng.TestNG.runSuitesSequentially(TestNG.java:1280)
at org.testng.TestNG.runSuitesLocally(TestNG.java:1200)
at org.testng.TestNG.runSuites(TestNG.java:1114)
at org.testng.TestNG.run(TestNG.java:1082)
at org.testng.remote.AbstractRemoteTestNG.run(AbstractRemoteTestNG.java:115)
at org.testng.remote.RemoteTestNG.initAndRun(RemoteTestNG.java:251)
at org.testng.remote.RemoteTestNG.main(RemoteTestNG.java:77)
]]>
    </error>
  </testcase> <!-- beforetest -->
  <testcase classname="TestScenarios.TC_Clietnt_Reports" name="LoginOperation" time="0.000">
    <skipped/>
  </testcase> <!-- LoginOperation -->
</testsuite> <!-- TestScenarios.TC_Clietnt_Reports -->
