<?xml version="1.0" encoding="UTF-8"?>
<!-- Generated by org.testng.reporters.JUnitReportReporter -->
<testsuite hostname="ITT-PRATIK-B" failures="0" tests="1" name="TestScenarios.PlextracLoginpage" time="7.091" errors="0" timestamp="2023-10-02T14:00:59 IST" skipped="0">
  <testcase classname="TestScenarios.PlextracLoginpage" name="LoginOperation" time="7.091"/>
</testsuite> <!-- TestScenarios.PlextracLoginpage -->
