<?xml version="1.0" encoding="UTF-8"?>
<!-- Generated by org.testng.reporters.JUnitReportReporter -->
<testsuite hostname="ITT-PRATIK-B" failures="0" tests="2" name="TestScenarios.Client_Module" time="45.804" errors="0" timestamp="2023-10-03T03:03:47 IST" skipped="0">
  <testcase classname="TestScenarios.Client_Module" name="LoginOperation" time="7.443"/>
  <testcase classname="TestScenarios.Client_Module" name="Client" time="38.361"/>
</testsuite> <!-- TestScenarios.Client_Module -->
