<?xml version="1.0" encoding="UTF-8"?>
<!-- Generated by org.testng.reporters.JUnitReportReporter -->
<testsuite hostname="ITT-PRATIK-B" failures="0" tests="1" name="test_Cases.LoginTest" time="16.805" errors="0" timestamp="2023-10-13T10:20:31 IST" skipped="0">
  <testcase classname="test_Cases.LoginTest" name="beforetest" time="16.805"/>
</testsuite> <!-- test_Cases.LoginTest -->
