<?xml version="1.0" encoding="UTF-8"?>
<!-- Generated by org.testng.reporters.JUnitReportReporter -->
<testsuite hostname="ITT-PRATIK-B" failures="0" tests="2" name="sample01.HwlloWorld" time="0.015" errors="0" timestamp="2024-03-20T21:52:57 IST" skipped="0">
  <testcase classname="sample01.HwlloWorld" name="test1" time="0.012"/>
  <testcase classname="sample01.HwlloWorld" name="test2" time="0.003"/>
</testsuite> <!-- sample01.HwlloWorld -->
