<?xml version="1.0" encoding="UTF-8"?>
<!-- Generated by org.testng.reporters.JUnitReportReporter -->
<testsuite hostname="ITT-PRATIK-B" failures="0" tests="4" name="day1.HTTPRequests" time="3.210" errors="0" timestamp="2024-03-29T17:26:37 IST" skipped="0">
  <testcase classname="day1.HTTPRequests" name="getusers" time="1.797"/>
  <testcase classname="day1.HTTPRequests" name="createuser" time="0.600"/>
  <testcase classname="day1.HTTPRequests" name="updateuser" time="0.411"/>
  <testcase classname="day1.HTTPRequests" name="deleteUser" time="0.402"/>
</testsuite> <!-- day1.HTTPRequests -->
