<?xml version="1.0" encoding="UTF-8"?>
<!-- Generated by org.testng.reporters.JUnitReportReporter -->
<testsuite hostname="ITT-PRATIK-B" failures="0" tests="1" name="apchaining.UpdateUser" time="1.167" errors="0" timestamp="2024-04-08T12:07:08 IST" skipped="0">
  <testcase classname="apchaining.UpdateUser" name="test_updateUser" time="1.167"/>
</testsuite> <!-- apchaining.UpdateUser -->
