<?xml version="1.0" encoding="UTF-8"?>
<!-- Generated by org.testng.reporters.JUnitReportReporter -->
<testsuite hostname="ITT-PRATIK-B" failures="0" tests="3" name="day1.ParcingJSONResponseData" time="3.495" errors="0" timestamp="2024-04-02T21:58:05 IST" skipped="2">
  <testcase classname="day1.ParcingJSONResponseData" name="validationOfResponseBody" time="3.495"/>
  <testcase classname="day1.ParcingJSONResponseData" name="testJsonResponse">
    <skipped/>
  </testcase> <!-- testJsonResponse -->
  <testcase classname="day1.ParcingJSONResponseData" name="testJsonResponseBodyData">
    <skipped/>
  </testcase> <!-- testJsonResponseBodyData -->
</testsuite> <!-- day1.ParcingJSONResponseData -->
