<?xml version="1.0" encoding="UTF-8"?>
<!-- Generated by org.testng.reporters.JUnitReportReporter -->
<testsuite hostname="ITT-PRATIK-B" failures="0" tests="1" name="apchaining.GetUser" time="1.227" errors="0" timestamp="2024-04-08T12:07:08 IST" skipped="0">
  <testcase classname="apchaining.GetUser" name="test_GetUser" time="1.227"/>
</testsuite> <!-- apchaining.GetUser -->
