<?xml version="1.0" encoding="UTF-8"?>
<!-- Generated by org.testng.reporters.JUnitReportReporter -->
<testsuite hostname="ITT-PRATIK-B" failures="0" tests="1" name="day1.Authorizations" time="2.464" errors="0" timestamp="2024-04-02T23:16:55 IST" skipped="0">
  <testcase classname="day1.Authorizations" name="GetBarrerToken" time="2.464"/>
</testsuite> <!-- day1.Authorizations -->
