<?xml version="1.0" encoding="UTF-8"?>
<!-- Generated by org.testng.reporters.JUnitReportReporter -->
<testsuite hostname="ITT-PRATIK-B" failures="0" tests="1" name="day1.CookiesDemo" time="1.738" errors="0" timestamp="2024-03-30T16:09:08 IST" skipped="0">
  <testcase classname="day1.CookiesDemo" name="getCookiesInfo" time="1.738"/>
</testsuite> <!-- day1.CookiesDemo -->
