<?xml version="1.0" encoding="UTF-8"?>
<!-- Generated by org.testng.reporters.JUnitReportReporter -->
<testsuite hostname="ITT-PRATIK-B" failures="0" tests="5" name="day1.CookiesAndHeadersDemo" time="1.408" errors="0" timestamp="2024-03-30T16:48:20 IST" skipped="4">
  <testcase classname="day1.CookiesAndHeadersDemo" name="testlogs" time="1.408"/>
  <testcase classname="day1.CookiesAndHeadersDemo" name="testCookies">
    <skipped/>
  </testcase> <!-- testCookies -->
  <testcase classname="day1.CookiesAndHeadersDemo" name="testheaders">
    <skipped/>
  </testcase> <!-- testheaders -->
  <testcase classname="day1.CookiesAndHeadersDemo" name="getHeaders">
    <skipped/>
  </testcase> <!-- getHeaders -->
  <testcase classname="day1.CookiesAndHeadersDemo" name="getCookiesInfo">
    <skipped/>
  </testcase> <!-- getCookiesInfo -->
</testsuite> <!-- day1.CookiesAndHeadersDemo -->
