<?xml version="1.0" encoding="UTF-8"?>
<!-- Generated by org.testng.reporters.JUnitReportReporter -->
<testsuite hostname="ITT-PRATIK-B" failures="0" tests="1" name="day1.PathAndQueryParameters" time="1.739" errors="0" timestamp="2024-03-30T15:23:41 IST" skipped="0">
  <testcase classname="day1.PathAndQueryParameters" name="TestPathAndQueryParameters" time="1.739"/>
</testsuite> <!-- day1.PathAndQueryParameters -->
