<?xml version="1.0" encoding="UTF-8"?>
<!-- Generated by org.testng.reporters.JUnitReportReporter -->
<testsuite hostname="ITT-PRATIK-B" failures="0" tests="1" name="ninja.plextrac.testCases.TC_Delete_Reports" time="11.037" errors="0" timestamp="2023-10-27T15:32:51 IST" skipped="0">
  <testcase classname="ninja.plextrac.testCases.TC_Delete_Reports" name="bulk_reports_delete" time="11.037"/>
</testsuite> <!-- ninja.plextrac.testCases.TC_Delete_Reports -->
