<?xml version="1.0" encoding="UTF-8"?>
<!-- Generated by org.testng.reporters.JUnitReportReporter -->
<testsuite hostname="ITT-PRATIK-B" failures="0" tests="1" name="ninja.plextrac.testCases.TC_LoginPage" time="14.267" errors="0" timestamp="2023-10-18T10:11:45 IST" skipped="0">
  <testcase classname="ninja.plextrac.testCases.TC_LoginPage" name="login" time="14.267"/>
</testsuite> <!-- ninja.plextrac.testCases.TC_LoginPage -->
