<?xml version="1.0" encoding="UTF-8"?>
<!-- Generated by org.testng.reporters.JUnitReportReporter -->
<testsuite hostname="ITT-PRATIK-B" failures="0" tests="2" name="ninja.plextrac.testCases.TC_Create_Report" time="10.695" errors="0" timestamp="2023-10-27T15:32:51 IST" skipped="1">
  <testcase classname="ninja.plextrac.testCases.TC_Create_Report" name="create_report_within_client" time="10.695"/>
  <testcase classname="ninja.plextrac.testCases.TC_Create_Report" name="create_new_report">
    <skipped/>
  </testcase> <!-- create_new_report -->
</testsuite> <!-- ninja.plextrac.testCases.TC_Create_Report -->
